<?xml version="1.0" encoding="UTF-8"?>
<testng-results ignored="0" total="1" passed="1" failed="0" skipped="0">
  <reporter-output>
  </reporter-output>
  <suite started-at="2022-11-01T22:10:05 IST" name="Suite" finished-at="2022-11-01T22:11:56 IST" duration-ms="110648">
    <groups>
    </groups>
    <test started-at="2022-11-01T22:10:05 IST" name="Test" finished-at="2022-11-01T22:11:56 IST" duration-ms="110648">
      <class name="BrowserOpen.HitBrowser">
        <test-method is-config="true" signature="beforeClass()[pri:0, instance:BrowserOpen.HitBrowser@353d0772]" started-at="2022-11-01T22:10:05 IST" name="beforeClass" finished-at="2022-11-01T22:10:30 IST" duration-ms="25400" status="PASS">
          <reporter-output>
          </reporter-output>
        </test-method> <!-- beforeClass -->
        <test-method signature="f()[pri:0, instance:BrowserOpen.HitBrowser@353d0772]" started-at="2022-11-01T22:10:30 IST" name="f" finished-at="2022-11-01T22:11:45 IST" duration-ms="74320" status="PASS">
          <reporter-output>
          </reporter-output>
        </test-method> <!-- f -->
        <test-method is-config="true" signature="afterClass()[pri:0, instance:BrowserOpen.HitBrowser@353d0772]" started-at="2022-11-01T22:11:45 IST" name="afterClass" finished-at="2022-11-01T22:11:56 IST" duration-ms="10483" status="PASS">
          <reporter-output>
          </reporter-output>
        </test-method> <!-- afterClass -->
      </class> <!-- BrowserOpen.HitBrowser -->
    </test> <!-- Test -->
  </suite> <!-- Suite -->
</testng-results>
