<?xml version="1.0" encoding="UTF-8"?>
<testng-results ignored="0" total="1" passed="1" failed="0" skipped="0">
  <reporter-output>
  </reporter-output>
  <suite started-at="2022-11-01T22:12:50 IST" name="Suite" finished-at="2022-11-01T22:16:24 IST" duration-ms="213182">
    <groups>
    </groups>
    <test started-at="2022-11-01T22:12:50 IST" name="Test" finished-at="2022-11-01T22:16:24 IST" duration-ms="213182">
      <class name="BrowserOpen.HitBrowser">
        <test-method is-config="true" signature="beforeClass()[pri:0, instance:BrowserOpen.HitBrowser@2aa3cd93]" started-at="2022-11-01T22:12:50 IST" name="beforeClass" finished-at="2022-11-01T22:13:27 IST" duration-ms="36788" status="PASS">
          <reporter-output>
          </reporter-output>
        </test-method> <!-- beforeClass -->
        <test-method signature="f()[pri:0, instance:BrowserOpen.HitBrowser@2aa3cd93]" started-at="2022-11-01T22:13:27 IST" name="f" finished-at="2022-11-01T22:16:15 IST" duration-ms="167542" status="PASS">
          <reporter-output>
          </reporter-output>
        </test-method> <!-- f -->
        <test-method is-config="true" signature="afterClass()[pri:0, instance:BrowserOpen.HitBrowser@2aa3cd93]" started-at="2022-11-01T22:16:15 IST" name="afterClass" finished-at="2022-11-01T22:16:24 IST" duration-ms="8786" status="PASS">
          <reporter-output>
          </reporter-output>
        </test-method> <!-- afterClass -->
      </class> <!-- BrowserOpen.HitBrowser -->
    </test> <!-- Test -->
  </suite> <!-- Suite -->
</testng-results>
